<?xml version="1.0" encoding="UTF-8"?>
<!-- Generated by org.testng.reporters.JUnitXMLReporter -->
<testsuite hostname="Kotovich_PC" name="Default test" tests="6" failures="0" timestamp="8 Sep 2016 10:54:32 GMT" time="33.748" errors="0">
  <testcase name="branchesLinkTest" time="0.403" classname="com.shaman.githubtest.ProjectPageTest"/>
  <testcase name="commitsLinkTest" time="0.006" classname="com.shaman.githubtest.ProjectPageTest"/>
  <testcase name="contributorsLinkTest" time="0.005" classname="com.shaman.githubtest.ProjectPageTest"/>
  <testcase name="releasesLinkTest" time="0.003" classname="com.shaman.githubtest.ProjectPageTest"/>
  <testcase name="titleProjectTest" time="0.023" classname="com.shaman.githubtest.ProjectPageTest"/>
  <testcase name="readmelblTest" time="1.588" classname="com.shaman.githubtest.ProjectPageTest"/>
</testsuite> <!-- Default test -->
