<?xml version="1.0" encoding="UTF-8"?>
<!-- Generated by org.testng.reporters.JUnitXMLReporter -->
<testsuite hostname="Kotovich_PC" name="Default test" tests="7" failures="0" timestamp="8 Sep 2016 16:21:01 GMT" time="16.355" errors="0">
  <testcase name="branchesLinkTest" time="0.015" classname="com.shaman.githubtest.ProjectPageTest"/>
  <testcase name="branchesPageTitleTest" time="1.038" classname="com.shaman.githubtest.ProjectPageTest"/>
  <testcase name="commitsLinkTest" time="0.002" classname="com.shaman.githubtest.ProjectPageTest"/>
  <testcase name="contributorsLinkTest" time="0.003" classname="com.shaman.githubtest.ProjectPageTest"/>
  <testcase name="releasesLinkTest" time="0.004" classname="com.shaman.githubtest.ProjectPageTest"/>
  <testcase name="titleProjectTest" time="0.224" classname="com.shaman.githubtest.ProjectPageTest"/>
  <testcase name="readmelblTest" time="1.084" classname="com.shaman.githubtest.ProjectPageTest"/>
</testsuite> <!-- Default test -->
