<?xml version="1.0" encoding="UTF-8"?>
<!-- Generated by org.testng.reporters.JUnitXMLReporter -->
<testsuite hostname="Kotovich_PC" name="ProjectPageTest" tests="6" failures="0" timestamp="8 Sep 2016 14:08:00 GMT" time="20.443" errors="0">
  <testcase name="branchesLinkTest" time="0.015" classname="com.shaman.githubtest.ProjectPageTest"/>
  <testcase name="commitsLinkTest" time="0.006" classname="com.shaman.githubtest.ProjectPageTest"/>
  <testcase name="contributorsLinkTest" time="0.01" classname="com.shaman.githubtest.ProjectPageTest"/>
  <testcase name="releasesLinkTest" time="0.002" classname="com.shaman.githubtest.ProjectPageTest"/>
  <testcase name="titleProjectTest" time="0.027" classname="com.shaman.githubtest.ProjectPageTest"/>
  <testcase name="readmelblTest" time="1.127" classname="com.shaman.githubtest.ProjectPageTest"/>
</testsuite> <!-- ProjectPageTest -->
