<?xml version="1.0" encoding="UTF-8"?>
<!-- Generated by org.testng.reporters.JUnitXMLReporter -->
<testsuite hostname="Kotovich_PC" name="Test1" tests="6" failures="0" timestamp="7 Sep 2016 20:59:32 GMT" time="3.039" errors="0">
  <testcase name="@BeforeClass initPageObjects" time="0.0" classname="com.shaman.githubtest.ProjSettingsPageTest">
    <failure type="java.lang.NullPointerException">
      <![CDATA[java.lang.NullPointerException
	at com.shaman.githubtest.ProjSettingsPageTest.initPageObjects(ProjSettingsPageTest.java:25)
	at sun.reflect.NativeMethodAccessorImpl.invoke0(Native Method)
	at sun.reflect.NativeMethodAccessorImpl.invoke(NativeMethodAccessorImpl.java:62)
	at sun.reflect.DelegatingMethodAccessorImpl.invoke(DelegatingMethodAccessorImpl.java:43)
	at java.lang.reflect.Method.invoke(Method.java:498)
	at org.testng.internal.MethodInvocationHelper.invokeMethod(MethodInvocationHelper.java:86)
	at org.testng.internal.Invoker.invokeConfigurationMethod(Invoker.java:514)
	at org.testng.internal.Invoker.invokeConfigurations(Invoker.java:215)
	at org.testng.internal.Invoker.invokeConfigurations(Invoker.java:142)
	at org.testng.internal.TestMethodWorker.invokeBeforeClassMethods(TestMethodWorker.java:178)
	at org.testng.internal.TestMethodWorker.run(TestMethodWorker.java:108)
	at org.testng.TestRunner.privateRun(TestRunner.java:782)
	at org.testng.TestRunner.run(TestRunner.java:632)
	at org.testng.SuiteRunner.runTest(SuiteRunner.java:366)
	at org.testng.SuiteRunner.runSequentially(SuiteRunner.java:361)
	at org.testng.SuiteRunner.privateRun(SuiteRunner.java:319)
	at org.testng.SuiteRunner.run(SuiteRunner.java:268)
	at org.testng.SuiteRunnerWorker.runSuite(SuiteRunnerWorker.java:52)
	at org.testng.SuiteRunnerWorker.run(SuiteRunnerWorker.java:86)
	at org.testng.TestNG.runSuitesSequentially(TestNG.java:1244)
	at org.testng.TestNG.runSuitesLocally(TestNG.java:1169)
	at org.testng.TestNG.run(TestNG.java:1064)
	at org.testng.remote.AbstractRemoteTestNG.run(AbstractRemoteTestNG.java:126)
	at org.testng.remote.RemoteTestNG.initAndRun(RemoteTestNG.java:152)
	at org.testng.remote.RemoteTestNG.main(RemoteTestNG.java:57)
]]>
    </failure>
  </testcase> <!-- @BeforeClass initPageObjects -->
  <testcase name="BranchesLinkTest" time="0.013" classname="com.shaman.githubtest.ProjectPageTest"/>
  <testcase name="CommitsLinkTest" time="0.004" classname="com.shaman.githubtest.ProjectPageTest"/>
  <testcase name="ContributorsLinkTest" time="0.005" classname="com.shaman.githubtest.ProjectPageTest"/>
  <testcase name="ReleasesLinkTest" time="0.003" classname="com.shaman.githubtest.ProjectPageTest"/>
  <testcase name="titleProjectTest" time="0.02" classname="com.shaman.githubtest.ProjectPageTest"/>
  <testcase name="CommitsLinkTest" time="0.002" classname="com.shaman.githubtest.ProjSettingsPageTest">
    <skipped/>
  </testcase> <!-- CommitsLinkTest -->
</testsuite> <!-- Test1 -->
