<?xml version="1.0" encoding="UTF-8"?>
<testng-results skipped="0" failed="0" total="7" passed="7">
  <reporter-output>
  </reporter-output>
  <suite name="Default suite" duration-ms="16355" started-at="2016-09-08T16:20:45Z" finished-at="2016-09-08T16:21:01Z">
    <groups>
    </groups>
    <test name="Default test" duration-ms="16355" started-at="2016-09-08T16:20:45Z" finished-at="2016-09-08T16:21:01Z">
      <class name="com.shaman.githubtest.ProjectPageTest">
        <test-method status="PASS" signature="initTestSuite()[pri:0, instance:com.shaman.githubtest.ProjectPageTest@754ba872]" name="initTestSuite" is-config="true" duration-ms="11701" started-at="2016-09-08T19:20:45Z" finished-at="2016-09-08T19:20:56Z">
          <reporter-output>
          </reporter-output>
        </test-method> <!-- initTestSuite -->
        <test-method status="PASS" signature="initPageObjects()[pri:0, instance:com.shaman.githubtest.ProjectPageTest@754ba872]" name="initPageObjects" is-config="true" duration-ms="1680" started-at="2016-09-08T19:20:56Z" finished-at="2016-09-08T19:20:58Z">
          <reporter-output>
          </reporter-output>
        </test-method> <!-- initPageObjects -->
        <test-method status="PASS" signature="branchesLinkTest()[pri:0, instance:com.shaman.githubtest.ProjectPageTest@754ba872]" name="branchesLinkTest" duration-ms="15" started-at="2016-09-08T19:20:58Z" description="Branches link availability" finished-at="2016-09-08T19:20:58Z">
          <reporter-output>
          </reporter-output>
        </test-method> <!-- branchesLinkTest -->
        <test-method status="PASS" signature="branchesPageTitleTest()[pri:0, instance:com.shaman.githubtest.ProjectPageTest@754ba872]" name="branchesPageTitleTest" duration-ms="1038" started-at="2016-09-08T19:20:58Z" description="Check BranchesPage title  " finished-at="2016-09-08T19:20:59Z">
          <reporter-output>
          </reporter-output>
        </test-method> <!-- branchesPageTitleTest -->
        <test-method status="PASS" signature="commitsLinkTest()[pri:0, instance:com.shaman.githubtest.ProjectPageTest@754ba872]" name="commitsLinkTest" duration-ms="2" started-at="2016-09-08T19:20:59Z" description="Commits link availability" finished-at="2016-09-08T19:20:59Z">
          <reporter-output>
          </reporter-output>
        </test-method> <!-- commitsLinkTest -->
        <test-method status="PASS" signature="contributorsLinkTest()[pri:0, instance:com.shaman.githubtest.ProjectPageTest@754ba872]" name="contributorsLinkTest" duration-ms="3" started-at="2016-09-08T19:20:59Z" description="Contributors link availability" finished-at="2016-09-08T19:20:59Z">
          <reporter-output>
          </reporter-output>
        </test-method> <!-- contributorsLinkTest -->
        <test-method status="PASS" signature="releasesLinkTest()[pri:0, instance:com.shaman.githubtest.ProjectPageTest@754ba872]" name="releasesLinkTest" duration-ms="4" started-at="2016-09-08T19:20:59Z" description="Releases link availability" finished-at="2016-09-08T19:20:59Z">
          <reporter-output>
          </reporter-output>
        </test-method> <!-- releasesLinkTest -->
        <test-method status="PASS" signature="titleProjectTest(java.lang.String)[pri:0, instance:com.shaman.githubtest.ProjectPageTest@754ba872]" name="titleProjectTest" duration-ms="224" started-at="2016-09-08T19:20:59Z" description="Title string of project page" finished-at="2016-09-08T19:20:59Z">
          <params>
            <param index="0">
              <value>
                <![CDATA[task1]]>
              </value>
            </param>
          </params>
          <reporter-output>
          </reporter-output>
        </test-method> <!-- titleProjectTest -->
        <test-method status="PASS" signature="readmelblTest()[pri:2, instance:com.shaman.githubtest.ProjectPageTest@754ba872]" name="readmelblTest" duration-ms="1084" started-at="2016-09-08T19:20:59Z" description="Check is Readme label and Readme.md file content equals" finished-at="2016-09-08T19:21:01Z">
          <reporter-output>
          </reporter-output>
        </test-method> <!-- readmelblTest -->
        <test-method status="PASS" signature="tearDown()[pri:0, instance:com.shaman.githubtest.ProjectPageTest@754ba872]" name="tearDown" is-config="true" duration-ms="524" started-at="2016-09-08T19:21:01Z" finished-at="2016-09-08T19:21:01Z">
          <reporter-output>
          </reporter-output>
        </test-method> <!-- tearDown -->
      </class> <!-- com.shaman.githubtest.ProjectPageTest -->
    </test> <!-- Default test -->
  </suite> <!-- Default suite -->
</testng-results>
